Traceback (most recent call last):
  File "/home/runner/micromamba/envs/kerchunk-cookbook/lib/python3.13/site-packages/jupyter_core/utils/__init__.py", line 154, in wrapped
    asyncio.get_running_loop()
    ~~~~~~~~~~~~~~~~~~~~~~~~^^
RuntimeError: no running event loop

During handling of the above exception, another exception occurred:

Traceback (most recent call last):
  File "/home/runner/micromamba/envs/kerchunk-cookbook/lib/python3.13/site-packages/jupyter_cache/executors/utils.py", line 58, in single_nb_execution
    executenb(
    ~~~~~~~~~^
        nb,
        ^^^
    ...<4 lines>...
        **kwargs,
        ^^^^^^^^^
    )
    ^
  File "/home/runner/micromamba/envs/kerchunk-cookbook/lib/python3.13/site-packages/nbclient/client.py", line 1319, in execute
    return NotebookClient(nb=nb, resources=resources, km=km, **kwargs).execute()
           ~~~~~~~~~~~~~~~~~~~~~~~~~~~~~~~~~~~~~~~~~~~~~~~~~~~~~~~~~~~~~~~~~~~^^
  File "/home/runner/micromamba/envs/kerchunk-cookbook/lib/python3.13/site-packages/jupyter_core/utils/__init__.py", line 158, in wrapped
    return loop.run_until_complete(inner)
           ~~~~~~~~~~~~~~~~~~~~~~~^^^^^^^
  File "/home/runner/micromamba/envs/kerchunk-cookbook/lib/python3.13/asyncio/base_events.py", line 725, in run_until_complete
    return future.result()
           ~~~~~~~~~~~~~^^
  File "/home/runner/micromamba/envs/kerchunk-cookbook/lib/python3.13/site-packages/nbclient/client.py", line 709, in async_execute
    await self.async_execute_cell(
        cell, index, execution_count=self.code_cells_executed + 1
    )
  File "/home/runner/micromamba/envs/kerchunk-cookbook/lib/python3.13/site-packages/nbclient/client.py", line 1062, in async_execute_cell
    await self._check_raise_for_error(cell, cell_index, exec_reply)
  File "/home/runner/micromamba/envs/kerchunk-cookbook/lib/python3.13/site-packages/nbclient/client.py", line 918, in _check_raise_for_error
    raise CellExecutionError.from_cell_and_msg(cell, exec_reply_content)
nbclient.exceptions.CellExecutionError: An error occurred while executing the following cell:
------------------
%%timeit -r 1 -n 1


storage_options = {
    "remote_protocol": "http",
    "skip_instance_cache": True,
}  # options passed to fsspec
open_dataset_options = {"chunks": {}, "decode_coords": "all"}  # opens passed to xarray

ds_kerchunk = xr.open_dataset(
    "references/Pangeo_Forge/reference.json",
    engine="kerchunk",
    storage_options=storage_options,
    **open_dataset_options,
)

display(ds_kerchunk.hvplot("lon", "lat", rasterize=True))  # noqa
------------------


[31m---------------------------------------------------------------------------[39m
[31mTypeError[39m                                 Traceback (most recent call last)
[36mCell[39m[36m [39m[32mIn[2][39m[32m, line 1[39m
[32m----> [39m[32m1[39m [43mget_ipython[49m[43m([49m[43m)[49m[43m.[49m[43mrun_cell_magic[49m[43m([49m[33;43m'[39;49m[33;43mtimeit[39;49m[33;43m'[39;49m[43m,[49m[43m [49m[33;43m'[39;49m[33;43m-r 1 -n 1[39;49m[33;43m'[39;49m[43m,[49m[43m [49m[33;43m'[39;49m[38;5;130;43;01m\n[39;49;00m[38;5;130;43;01m\n[39;49;00m[33;43mstorage_options = [39;49m[33;43m{[39;49m[38;5;130;43;01m\n[39;49;00m[33;43m    [39;49m[33;43m"[39;49m[33;43mremote_protocol[39;49m[33;43m"[39;49m[33;43m: [39;49m[33;43m"[39;49m[33;43mhttp[39;49m[33;43m"[39;49m[33;43m,[39;49m[38;5;130;43;01m\n[39;49;00m[33;43m    [39;49m[33;43m"[39;49m[33;43mskip_instance_cache[39;49m[33;43m"[39;49m[33;43m: True,[39;49m[38;5;130;43;01m\n[39;49;00m[33;43m}  # options passed to fsspec[39;49m[38;5;130;43;01m\n[39;49;00m[33;43mopen_dataset_options = [39;49m[33;43m{[39;49m[33;43m"[39;49m[33;43mchunks[39;49m[33;43m"[39;49m[33;43m: [39;49m[38;5;132;43;01m{}[39;49;00m[33;43m, [39;49m[33;43m"[39;49m[33;43mdecode_coords[39;49m[33;43m"[39;49m[33;43m: [39;49m[33;43m"[39;49m[33;43mall[39;49m[33;43m"[39;49m[33;43m}  # opens passed to xarray[39;49m[38;5;130;43;01m\n[39;49;00m[38;5;130;43;01m\n[39;49;00m[33;43mds_kerchunk = xr.open_dataset([39;49m[38;5;130;43;01m\n[39;49;00m[33;43m    [39;49m[33;43m"[39;49m[33;43mreferences/Pangeo_Forge/reference.json[39;49m[33;43m"[39;49m[33;43m,[39;49m[38;5;130;43;01m\n[39;49;00m[33;43m    engine=[39;49m[33;43m"[39;49m[33;43mkerchunk[39;49m[33;43m"[39;49m[33;43m,[39;49m[38;5;130;43;01m\n[39;49;00m[33;43m    storage_options=storage_options,[39;49m[38;5;130;43;01m\n[39;49;00m[33;43m    **open_dataset_options,[39;49m[38;5;130;43;01m\n[39;49;00m[33;43m)[39;49m[38;5;130;43;01m\n[39;49;00m[38;5;130;43;01m\n[39;49;00m[33;43mdisplay(ds_kerchunk.hvplot([39;49m[33;43m"[39;49m[33;43mlon[39;49m[33;43m"[39;49m[33;43m, [39;49m[33;43m"[39;49m[33;43mlat[39;49m[33;43m"[39;49m[33;43m, rasterize=True))  # noqa[39;49m[38;5;130;43;01m\n[39;49;00m[33;43m'[39;49m[43m)[49m

[36mFile [39m[32m~/micromamba/envs/kerchunk-cookbook/lib/python3.13/site-packages/IPython/core/interactiveshell.py:2549[39m, in [36mInteractiveShell.run_cell_magic[39m[34m(self, magic_name, line, cell)[39m
[32m   2547[39m [38;5;28;01mwith[39;00m [38;5;28mself[39m.builtin_trap:
[32m   2548[39m     args = (magic_arg_s, cell)
[32m-> [39m[32m2549[39m     result = [43mfn[49m[43m([49m[43m*[49m[43margs[49m[43m,[49m[43m [49m[43m*[49m[43m*[49m[43mkwargs[49m[43m)[49m
[32m   2551[39m [38;5;66;03m# The code below prevents the output from being displayed[39;00m
[32m   2552[39m [38;5;66;03m# when using magics with decorator @output_can_be_silenced[39;00m
[32m   2553[39m [38;5;66;03m# when the last Python token in the expression is a ';'.[39;00m
[32m   2554[39m [38;5;28;01mif[39;00m [38;5;28mgetattr[39m(fn, magic.MAGIC_OUTPUT_CAN_BE_SILENCED, [38;5;28;01mFalse[39;00m):

[36mFile [39m[32m~/micromamba/envs/kerchunk-cookbook/lib/python3.13/site-packages/IPython/core/magics/execution.py:1229[39m, in [36mExecutionMagics.timeit[39m[34m(self, line, cell, local_ns)[39m
[32m   1226[39m         [38;5;28;01mif[39;00m time_number >= [32m0.2[39m:
[32m   1227[39m             [38;5;28;01mbreak[39;00m
[32m-> [39m[32m1229[39m all_runs = [43mtimer[49m[43m.[49m[43mrepeat[49m[43m([49m[43mrepeat[49m[43m,[49m[43m [49m[43mnumber[49m[43m)[49m
[32m   1230[39m best = [38;5;28mmin[39m(all_runs) / number
[32m   1231[39m worst = [38;5;28mmax[39m(all_runs) / number

[36mFile [39m[32m~/micromamba/envs/kerchunk-cookbook/lib/python3.13/timeit.py:208[39m, in [36mTimer.repeat[39m[34m(self, repeat, number)[39m
[32m    206[39m r = []
[32m    207[39m [38;5;28;01mfor[39;00m i [38;5;129;01min[39;00m [38;5;28mrange[39m(repeat):
[32m--> [39m[32m208[39m     t = [38;5;28;43mself[39;49m[43m.[49m[43mtimeit[49m[43m([49m[43mnumber[49m[43m)[49m
[32m    209[39m     r.append(t)
[32m    210[39m [38;5;28;01mreturn[39;00m r

[36mFile [39m[32m~/micromamba/envs/kerchunk-cookbook/lib/python3.13/site-packages/IPython/core/magics/execution.py:183[39m, in [36mTimer.timeit[39m[34m(self, number)[39m
[32m    181[39m gc.disable()
[32m    182[39m [38;5;28;01mtry[39;00m:
[32m--> [39m[32m183[39m     timing = [38;5;28;43mself[39;49m[43m.[49m[43minner[49m[43m([49m[43mit[49m[43m,[49m[43m [49m[38;5;28;43mself[39;49m[43m.[49m[43mtimer[49m[43m)[49m
[32m    184[39m [38;5;28;01mfinally[39;00m:
[32m    185[39m     [38;5;28;01mif[39;00m gcold:

[36mFile [39m[32m<magic-timeit>:7[39m, in [36minner[39m[34m(_it, _timer)[39m

[36mFile [39m[32m~/micromamba/envs/kerchunk-cookbook/lib/python3.13/site-packages/xarray/backends/api.py:687[39m, in [36mopen_dataset[39m[34m(filename_or_obj, engine, chunks, cache, decode_cf, mask_and_scale, decode_times, decode_timedelta, use_cftime, concat_characters, decode_coords, drop_variables, inline_array, chunked_array_type, from_array_kwargs, backend_kwargs, **kwargs)[39m
[32m    675[39m decoders = _resolve_decoders_kwargs(
[32m    676[39m     decode_cf,
[32m    677[39m     open_backend_dataset_parameters=backend.open_dataset_parameters,
[32m   (...)[39m[32m    683[39m     decode_coords=decode_coords,
[32m    684[39m )
[32m    686[39m overwrite_encoded_chunks = kwargs.pop([33m"[39m[33moverwrite_encoded_chunks[39m[33m"[39m, [38;5;28;01mNone[39;00m)
[32m--> [39m[32m687[39m backend_ds = [43mbackend[49m[43m.[49m[43mopen_dataset[49m[43m([49m
[32m    688[39m [43m    [49m[43mfilename_or_obj[49m[43m,[49m
[32m    689[39m [43m    [49m[43mdrop_variables[49m[43m=[49m[43mdrop_variables[49m[43m,[49m
[32m    690[39m [43m    [49m[43m*[49m[43m*[49m[43mdecoders[49m[43m,[49m
[32m    691[39m [43m    [49m[43m*[49m[43m*[49m[43mkwargs[49m[43m,[49m
[32m    692[39m [43m[49m[43m)[49m
[32m    693[39m ds = _dataset_from_backend_dataset(
[32m    694[39m     backend_ds,
[32m    695[39m     filename_or_obj,
[32m   (...)[39m[32m    705[39m     **kwargs,
[32m    706[39m )
[32m    707[39m [38;5;28;01mreturn[39;00m ds

[36mFile [39m[32m~/micromamba/envs/kerchunk-cookbook/lib/python3.13/site-packages/kerchunk/xarray_backend.py:13[39m, in [36mKerchunkBackend.open_dataset[39m[34m(self, filename_or_obj, storage_options, open_dataset_options, **kw)[39m
[32m      9[39m [38;5;28;01mdef[39;00m[38;5;250m [39m[34mopen_dataset[39m(
[32m     10[39m     [38;5;28mself[39m, filename_or_obj, *, storage_options=[38;5;28;01mNone[39;00m, open_dataset_options=[38;5;28;01mNone[39;00m, **kw
[32m     11[39m ):
[32m     12[39m     open_dataset_options = (open_dataset_options [38;5;129;01mor[39;00m {}) | kw
[32m---> [39m[32m13[39m     ref_ds = [43mopen_reference_dataset[49m[43m([49m
[32m     14[39m [43m        [49m[43mfilename_or_obj[49m[43m,[49m
[32m     15[39m [43m        [49m[43mstorage_options[49m[43m=[49m[43mstorage_options[49m[43m,[49m
[32m     16[39m [43m        [49m[43mopen_dataset_options[49m[43m=[49m[43mopen_dataset_options[49m[43m,[49m
[32m     17[39m [43m    [49m[43m)[49m
[32m     18[39m     [38;5;28;01mreturn[39;00m ref_ds

[36mFile [39m[32m~/micromamba/envs/kerchunk-cookbook/lib/python3.13/site-packages/kerchunk/xarray_backend.py:45[39m, in [36mopen_reference_dataset[39m[34m(filename_or_obj, storage_options, open_dataset_options)[39m
[32m     42[39m [38;5;28;01mif[39;00m open_dataset_options [38;5;129;01mis[39;00m [38;5;28;01mNone[39;00m:
[32m     43[39m     open_dataset_options = {}
[32m---> [39m[32m45[39m store = [43mrefs_as_store[49m[43m([49m[43mfilename_or_obj[49m[43m,[49m[43m [49m[43m*[49m[43m*[49m[43mstorage_options[49m[43m)[49m
[32m     47[39m [38;5;28;01mreturn[39;00m xr.open_zarr(
[32m     48[39m     store, zarr_format=[32m2[39m, consolidated=[38;5;28;01mFalse[39;00m, **open_dataset_options
[32m     49[39m )

[31mTypeError[39m: refs_as_store() got an unexpected keyword argument 'skip_instance_cache'

