Traceback (most recent call last):
  File "/usr/share/miniconda3/envs/kerchunk-cookbook-dev/lib/python3.10/site-packages/jupyter_cache/executors/utils.py", line 51, in single_nb_execution
    executenb(
  File "/usr/share/miniconda3/envs/kerchunk-cookbook-dev/lib/python3.10/site-packages/nbclient/client.py", line 1204, in execute
    return NotebookClient(nb=nb, resources=resources, km=km, **kwargs).execute()
  File "/usr/share/miniconda3/envs/kerchunk-cookbook-dev/lib/python3.10/site-packages/nbclient/util.py", line 84, in wrapped
    return just_run(coro(*args, **kwargs))
  File "/usr/share/miniconda3/envs/kerchunk-cookbook-dev/lib/python3.10/site-packages/nbclient/util.py", line 62, in just_run
    return loop.run_until_complete(coro)
  File "/usr/share/miniconda3/envs/kerchunk-cookbook-dev/lib/python3.10/asyncio/base_events.py", line 649, in run_until_complete
    return future.result()
  File "/usr/share/miniconda3/envs/kerchunk-cookbook-dev/lib/python3.10/site-packages/nbclient/client.py", line 663, in async_execute
    await self.async_execute_cell(
  File "/usr/share/miniconda3/envs/kerchunk-cookbook-dev/lib/python3.10/site-packages/nbclient/client.py", line 965, in async_execute_cell
    await self._check_raise_for_error(cell, cell_index, exec_reply)
  File "/usr/share/miniconda3/envs/kerchunk-cookbook-dev/lib/python3.10/site-packages/nbclient/client.py", line 862, in _check_raise_for_error
    raise CellExecutionError.from_cell_and_msg(cell, exec_reply_content)
nbclient.exceptions.CellExecutionError: An error occurred while executing the following cell:
------------------
# create an fsspec reference filesystem from the Kerchunk output
import fsspec

fs = fsspec.filesystem(
    "reference",
    fo="ARG_combined.json",
    remote_protocol="s3",
    remote_options={"anon": True},
    skip_instance_cache=True,
)
m = fs.get_mapper("")
ds = xr.open_dataset(m, engine="zarr")
------------------

[0;31m---------------------------------------------------------------------------[0m
[0;31mKeyError[0m                                  Traceback (most recent call last)
File [0;32m/usr/share/miniconda3/envs/kerchunk-cookbook-dev/lib/python3.10/site-packages/fsspec/implementations/reference.py:220[0m, in [0;36mReferenceFileSystem._cat_common[0;34m(self, path, start, end)[0m
[1;32m    219[0m [38;5;28;01mtry[39;00m:
[0;32m--> 220[0m     part [38;5;241m=[39m [38;5;28;43mself[39;49m[38;5;241;43m.[39;49m[43mreferences[49m[43m[[49m[43mpath[49m[43m][49m
[1;32m    221[0m [38;5;28;01mexcept[39;00m [38;5;167;01mKeyError[39;00m:

[0;31mKeyError[0m: 'Lambert_Conformal/0'

During handling of the above exception, another exception occurred:

[0;31mFileNotFoundError[0m                         Traceback (most recent call last)
File [0;32m/usr/share/miniconda3/envs/kerchunk-cookbook-dev/lib/python3.10/site-packages/fsspec/mapping.py:93[0m, in [0;36mFSMap.getitems[0;34m(self, keys, on_error)[0m
[1;32m     92[0m [38;5;28;01mtry[39;00m:
[0;32m---> 93[0m     out [38;5;241m=[39m [38;5;28;43mself[39;49m[38;5;241;43m.[39;49m[43mfs[49m[38;5;241;43m.[39;49m[43mcat[49m[43m([49m[43mkeys2[49m[43m,[49m[43m [49m[43mon_error[49m[38;5;241;43m=[39;49m[43moe[49m[43m)[49m
[1;32m     94[0m     [38;5;28;01mif[39;00m [38;5;28misinstance[39m(out, [38;5;28mbytes[39m):

File [0;32m/usr/share/miniconda3/envs/kerchunk-cookbook-dev/lib/python3.10/site-packages/fsspec/implementations/reference.py:325[0m, in [0;36mReferenceFileSystem.cat[0;34m(self, path, recursive, on_error, **kwargs)[0m
[1;32m    324[0m fs [38;5;241m=[39m [38;5;28mself[39m[38;5;241m.[39mfss[proto]
[0;32m--> 325[0m urls, starts, ends [38;5;241m=[39m [38;5;28mzip[39m([38;5;241m*[39m[[38;5;28mself[39m[38;5;241m.[39m_cat_common(p) [38;5;28;01mfor[39;00m p [38;5;129;01min[39;00m paths])
[1;32m    326[0m urls2 [38;5;241m=[39m []

File [0;32m/usr/share/miniconda3/envs/kerchunk-cookbook-dev/lib/python3.10/site-packages/fsspec/implementations/reference.py:325[0m, in [0;36m<listcomp>[0;34m(.0)[0m
[1;32m    324[0m fs [38;5;241m=[39m [38;5;28mself[39m[38;5;241m.[39mfss[proto]
[0;32m--> 325[0m urls, starts, ends [38;5;241m=[39m [38;5;28mzip[39m([38;5;241m*[39m[[38;5;28;43mself[39;49m[38;5;241;43m.[39;49m[43m_cat_common[49m[43m([49m[43mp[49m[43m)[49m [38;5;28;01mfor[39;00m p [38;5;129;01min[39;00m paths])
[1;32m    326[0m urls2 [38;5;241m=[39m []

File [0;32m/usr/share/miniconda3/envs/kerchunk-cookbook-dev/lib/python3.10/site-packages/fsspec/implementations/reference.py:222[0m, in [0;36mReferenceFileSystem._cat_common[0;34m(self, path, start, end)[0m
[1;32m    221[0m [38;5;28;01mexcept[39;00m [38;5;167;01mKeyError[39;00m:
[0;32m--> 222[0m     [38;5;28;01mraise[39;00m [38;5;167;01mFileNotFoundError[39;00m(path)
[1;32m    223[0m [38;5;28;01mif[39;00m [38;5;28misinstance[39m(part, [38;5;28mstr[39m):

[0;31mFileNotFoundError[0m: Lambert_Conformal/0

The above exception was the direct cause of the following exception:

[0;31mKeyError[0m                                  Traceback (most recent call last)
File [0;32m/usr/share/miniconda3/envs/kerchunk-cookbook-dev/lib/python3.10/site-packages/xarray/conventions.py:543[0m, in [0;36mdecode_cf_variables[0;34m(variables, attributes, concat_characters, mask_and_scale, decode_times, decode_coords, drop_variables, use_cftime, decode_timedelta)[0m
[1;32m    542[0m [38;5;28;01mtry[39;00m:
[0;32m--> 543[0m     new_vars[k] [38;5;241m=[39m [43mdecode_cf_variable[49m[43m([49m
[1;32m    544[0m [43m        [49m[43mk[49m[43m,[49m
[1;32m    545[0m [43m        [49m[43mv[49m[43m,[49m
[1;32m    546[0m [43m        [49m[43mconcat_characters[49m[38;5;241;43m=[39;49m[43mconcat_characters[49m[43m,[49m
[1;32m    547[0m [43m        [49m[43mmask_and_scale[49m[38;5;241;43m=[39;49m[43mmask_and_scale[49m[43m,[49m
[1;32m    548[0m [43m        [49m[43mdecode_times[49m[38;5;241;43m=[39;49m[43mdecode_times[49m[43m,[49m
[1;32m    549[0m [43m        [49m[43mstack_char_dim[49m[38;5;241;43m=[39;49m[43mstack_char_dim[49m[43m,[49m
[1;32m    550[0m [43m        [49m[43muse_cftime[49m[38;5;241;43m=[39;49m[43muse_cftime[49m[43m,[49m
[1;32m    551[0m [43m        [49m[43mdecode_timedelta[49m[38;5;241;43m=[39;49m[43mdecode_timedelta[49m[43m,[49m
[1;32m    552[0m [43m    [49m[43m)[49m
[1;32m    553[0m [38;5;28;01mexcept[39;00m [38;5;167;01mException[39;00m [38;5;28;01mas[39;00m e:

File [0;32m/usr/share/miniconda3/envs/kerchunk-cookbook-dev/lib/python3.10/site-packages/xarray/conventions.py:365[0m, in [0;36mdecode_cf_variable[0;34m(name, var, concat_characters, mask_and_scale, decode_times, decode_endianness, stack_char_dim, use_cftime, decode_timedelta)[0m
[1;32m    364[0m [38;5;66;03m# Ensure datetime-like Variables are passed through unmodified (GH 6453)[39;00m
[0;32m--> 365[0m [38;5;28;01mif[39;00m [43m_contains_datetime_like_objects[49m[43m([49m[43mvar[49m[43m)[49m:
[1;32m    366[0m     [38;5;28;01mreturn[39;00m var

File [0;32m/usr/share/miniconda3/envs/kerchunk-cookbook-dev/lib/python3.10/site-packages/xarray/core/common.py:1801[0m, in [0;36m_contains_datetime_like_objects[0;34m(var)[0m
[1;32m   1798[0m [38;5;250m[39m[38;5;124;03m"""Check if a variable contains datetime like objects (either[39;00m
[1;32m   1799[0m [38;5;124;03mnp.datetime64, np.timedelta64, or cftime.datetime)[39;00m
[1;32m   1800[0m [38;5;124;03m"""[39;00m
[0;32m-> 1801[0m [38;5;28;01mreturn[39;00m is_np_datetime_like(var[38;5;241m.[39mdtype) [38;5;129;01mor[39;00m [43mcontains_cftime_datetimes[49m[43m([49m[43mvar[49m[43m)[49m

File [0;32m/usr/share/miniconda3/envs/kerchunk-cookbook-dev/lib/python3.10/site-packages/xarray/core/common.py:1792[0m, in [0;36mcontains_cftime_datetimes[0;34m(var)[0m
[1;32m   1791[0m [38;5;28;01mif[39;00m var[38;5;241m.[39mdtype [38;5;241m==[39m np[38;5;241m.[39mdtype([38;5;124m"[39m[38;5;124mO[39m[38;5;124m"[39m) [38;5;129;01mand[39;00m var[38;5;241m.[39msize [38;5;241m>[39m [38;5;241m0[39m:
[0;32m-> 1792[0m     [38;5;28;01mreturn[39;00m _contains_cftime_datetimes([43mvar[49m[38;5;241;43m.[39;49m[43mdata[49m)
[1;32m   1793[0m [38;5;28;01melse[39;00m:

File [0;32m/usr/share/miniconda3/envs/kerchunk-cookbook-dev/lib/python3.10/site-packages/xarray/core/variable.py:425[0m, in [0;36mVariable.data[0;34m(self)[0m
[1;32m    424[0m [38;5;28;01melse[39;00m:
[0;32m--> 425[0m     [38;5;28;01mreturn[39;00m [38;5;28;43mself[39;49m[38;5;241;43m.[39;49m[43mvalues[49m

File [0;32m/usr/share/miniconda3/envs/kerchunk-cookbook-dev/lib/python3.10/site-packages/xarray/core/variable.py:598[0m, in [0;36mVariable.values[0;34m(self)[0m
[1;32m    597[0m [38;5;250m[39m[38;5;124;03m"""The variable's data as a numpy.ndarray"""[39;00m
[0;32m--> 598[0m [38;5;28;01mreturn[39;00m [43m_as_array_or_item[49m[43m([49m[38;5;28;43mself[39;49m[38;5;241;43m.[39;49m[43m_data[49m[43m)[49m

File [0;32m/usr/share/miniconda3/envs/kerchunk-cookbook-dev/lib/python3.10/site-packages/xarray/core/variable.py:304[0m, in [0;36m_as_array_or_item[0;34m(data)[0m
[1;32m    291[0m [38;5;250m[39m[38;5;124;03m"""Return the given values as a numpy array, or as an individual item if[39;00m
[1;32m    292[0m [38;5;124;03mit's a 0d datetime64 or timedelta64 array.[39;00m
[1;32m    293[0m 
[0;32m   (...)[0m
[1;32m    302[0m [38;5;124;03mTODO: remove this (replace with np.asarray) once these issues are fixed[39;00m
[1;32m    303[0m [38;5;124;03m"""[39;00m
[0;32m--> 304[0m data [38;5;241m=[39m [43mnp[49m[38;5;241;43m.[39;49m[43masarray[49m[43m([49m[43mdata[49m[43m)[49m
[1;32m    305[0m [38;5;28;01mif[39;00m data[38;5;241m.[39mndim [38;5;241m==[39m [38;5;241m0[39m:

File [0;32m/usr/share/miniconda3/envs/kerchunk-cookbook-dev/lib/python3.10/site-packages/xarray/core/indexing.py:524[0m, in [0;36mLazilyIndexedArray.__array__[0;34m(self, dtype)[0m
[1;32m    523[0m array [38;5;241m=[39m as_indexable([38;5;28mself[39m[38;5;241m.[39marray)
[0;32m--> 524[0m [38;5;28;01mreturn[39;00m np[38;5;241m.[39masarray([43marray[49m[43m[[49m[38;5;28;43mself[39;49m[38;5;241;43m.[39;49m[43mkey[49m[43m][49m, dtype[38;5;241m=[39m[38;5;28;01mNone[39;00m)

File [0;32m/usr/share/miniconda3/envs/kerchunk-cookbook-dev/lib/python3.10/site-packages/xarray/backends/zarr.py:73[0m, in [0;36mZarrArrayWrapper.__getitem__[0;34m(self, key)[0m
[1;32m     72[0m [38;5;28;01mif[39;00m [38;5;28misinstance[39m(key, indexing[38;5;241m.[39mBasicIndexer):
[0;32m---> 73[0m     [38;5;28;01mreturn[39;00m [43marray[49m[43m[[49m[43mkey[49m[38;5;241;43m.[39;49m[43mtuple[49m[43m][49m
[1;32m     74[0m [38;5;28;01melif[39;00m [38;5;28misinstance[39m(key, indexing[38;5;241m.[39mVectorizedIndexer):

File [0;32m/usr/share/miniconda3/envs/kerchunk-cookbook-dev/lib/python3.10/site-packages/zarr/core.py:807[0m, in [0;36mArray.__getitem__[0;34m(self, selection)[0m
[1;32m    806[0m [38;5;28;01melse[39;00m:
[0;32m--> 807[0m     result [38;5;241m=[39m [38;5;28;43mself[39;49m[38;5;241;43m.[39;49m[43mget_basic_selection[49m[43m([49m[43mpure_selection[49m[43m,[49m[43m [49m[43mfields[49m[38;5;241;43m=[39;49m[43mfields[49m[43m)[49m
[1;32m    808[0m [38;5;28;01mreturn[39;00m result

File [0;32m/usr/share/miniconda3/envs/kerchunk-cookbook-dev/lib/python3.10/site-packages/zarr/core.py:933[0m, in [0;36mArray.get_basic_selection[0;34m(self, selection, out, fields)[0m
[1;32m    932[0m [38;5;28;01melse[39;00m:
[0;32m--> 933[0m     [38;5;28;01mreturn[39;00m [38;5;28;43mself[39;49m[38;5;241;43m.[39;49m[43m_get_basic_selection_nd[49m[43m([49m[43mselection[49m[38;5;241;43m=[39;49m[43mselection[49m[43m,[49m[43m [49m[43mout[49m[38;5;241;43m=[39;49m[43mout[49m[43m,[49m
[1;32m    934[0m [43m                                        [49m[43mfields[49m[38;5;241;43m=[39;49m[43mfields[49m[43m)[49m

File [0;32m/usr/share/miniconda3/envs/kerchunk-cookbook-dev/lib/python3.10/site-packages/zarr/core.py:976[0m, in [0;36mArray._get_basic_selection_nd[0;34m(self, selection, out, fields)[0m
[1;32m    974[0m indexer [38;5;241m=[39m BasicIndexer(selection, [38;5;28mself[39m)
[0;32m--> 976[0m [38;5;28;01mreturn[39;00m [38;5;28;43mself[39;49m[38;5;241;43m.[39;49m[43m_get_selection[49m[43m([49m[43mindexer[49m[38;5;241;43m=[39;49m[43mindexer[49m[43m,[49m[43m [49m[43mout[49m[38;5;241;43m=[39;49m[43mout[49m[43m,[49m[43m [49m[43mfields[49m[38;5;241;43m=[39;49m[43mfields[49m[43m)[49m

File [0;32m/usr/share/miniconda3/envs/kerchunk-cookbook-dev/lib/python3.10/site-packages/zarr/core.py:1272[0m, in [0;36mArray._get_selection[0;34m(self, indexer, out, fields)[0m
[1;32m   1271[0m     lchunk_coords, lchunk_selection, lout_selection [38;5;241m=[39m [38;5;28mzip[39m([38;5;241m*[39mindexer)
[0;32m-> 1272[0m     [38;5;28;43mself[39;49m[38;5;241;43m.[39;49m[43m_chunk_getitems[49m[43m([49m[43mlchunk_coords[49m[43m,[49m[43m [49m[43mlchunk_selection[49m[43m,[49m[43m [49m[43mout[49m[43m,[49m[43m [49m[43mlout_selection[49m[43m,[49m
[1;32m   1273[0m [43m                         [49m[43mdrop_axes[49m[38;5;241;43m=[39;49m[43mindexer[49m[38;5;241;43m.[39;49m[43mdrop_axes[49m[43m,[49m[43m [49m[43mfields[49m[38;5;241;43m=[39;49m[43mfields[49m[43m)[49m
[1;32m   1275[0m [38;5;28;01mif[39;00m out[38;5;241m.[39mshape:

File [0;32m/usr/share/miniconda3/envs/kerchunk-cookbook-dev/lib/python3.10/site-packages/zarr/core.py:2012[0m, in [0;36mArray._chunk_getitems[0;34m(self, lchunk_coords, lchunk_selection, out, lout_selection, drop_axes, fields)[0m
[1;32m   2011[0m     partial_read_decode [38;5;241m=[39m [38;5;28;01mFalse[39;00m
[0;32m-> 2012[0m     cdatas [38;5;241m=[39m [38;5;28;43mself[39;49m[38;5;241;43m.[39;49m[43mchunk_store[49m[38;5;241;43m.[39;49m[43mgetitems[49m[43m([49m[43mckeys[49m[43m,[49m[43m [49m[43mon_error[49m[38;5;241;43m=[39;49m[38;5;124;43m"[39;49m[38;5;124;43momit[39;49m[38;5;124;43m"[39;49m[43m)[49m
[1;32m   2013[0m [38;5;28;01mfor[39;00m ckey, chunk_select, out_select [38;5;129;01min[39;00m [38;5;28mzip[39m(ckeys, lchunk_selection, lout_selection):

File [0;32m/usr/share/miniconda3/envs/kerchunk-cookbook-dev/lib/python3.10/site-packages/zarr/storage.py:1378[0m, in [0;36mFSStore.getitems[0;34m(self, keys, **kwargs)[0m
[1;32m   1377[0m keys_transformed [38;5;241m=[39m [[38;5;28mself[39m[38;5;241m.[39m_normalize_key(key) [38;5;28;01mfor[39;00m key [38;5;129;01min[39;00m keys]
[0;32m-> 1378[0m results [38;5;241m=[39m [38;5;28;43mself[39;49m[38;5;241;43m.[39;49m[43mmap[49m[38;5;241;43m.[39;49m[43mgetitems[49m[43m([49m[43mkeys_transformed[49m[43m,[49m[43m [49m[43mon_error[49m[38;5;241;43m=[39;49m[38;5;124;43m"[39;49m[38;5;124;43momit[39;49m[38;5;124;43m"[39;49m[43m)[49m
[1;32m   1379[0m [38;5;66;03m# The function calling this method may not recognize the transformed keys[39;00m
[1;32m   1380[0m [38;5;66;03m# So we send the values returned by self.map.getitems back into the original key space.[39;00m

File [0;32m/usr/share/miniconda3/envs/kerchunk-cookbook-dev/lib/python3.10/site-packages/fsspec/mapping.py:97[0m, in [0;36mFSMap.getitems[0;34m(self, keys, on_error)[0m
[1;32m     96[0m [38;5;28;01mexcept[39;00m [38;5;28mself[39m[38;5;241m.[39mmissing_exceptions [38;5;28;01mas[39;00m e:
[0;32m---> 97[0m     [38;5;28;01mraise[39;00m [38;5;167;01mKeyError[39;00m [38;5;28;01mfrom[39;00m [38;5;21;01me[39;00m
[1;32m     98[0m out [38;5;241m=[39m {
[1;32m     99[0m     k: ([38;5;167;01mKeyError[39;00m() [38;5;28;01mif[39;00m [38;5;28misinstance[39m(v, [38;5;28mself[39m[38;5;241m.[39mmissing_exceptions) [38;5;28;01melse[39;00m v)
[1;32m    100[0m     [38;5;28;01mfor[39;00m k, v [38;5;129;01min[39;00m out[38;5;241m.[39mitems()
[1;32m    101[0m }

[0;31mKeyError[0m: 

During handling of the above exception, another exception occurred:

[0;31mKeyError[0m                                  Traceback (most recent call last)
Cell [0;32mIn[11], line 12[0m
[1;32m      4[0m fs [38;5;241m=[39m fsspec[38;5;241m.[39mfilesystem(
[1;32m      5[0m     [38;5;124m"[39m[38;5;124mreference[39m[38;5;124m"[39m,
[1;32m      6[0m     fo[38;5;241m=[39m[38;5;124m"[39m[38;5;124mARG_combined.json[39m[38;5;124m"[39m,
[0;32m   (...)[0m
[1;32m      9[0m     skip_instance_cache[38;5;241m=[39m[38;5;28;01mTrue[39;00m,
[1;32m     10[0m )
[1;32m     11[0m m [38;5;241m=[39m fs[38;5;241m.[39mget_mapper([38;5;124m"[39m[38;5;124m"[39m)
[0;32m---> 12[0m ds [38;5;241m=[39m [43mxr[49m[38;5;241;43m.[39;49m[43mopen_dataset[49m[43m([49m[43mm[49m[43m,[49m[43m [49m[43mengine[49m[38;5;241;43m=[39;49m[38;5;124;43m"[39;49m[38;5;124;43mzarr[39;49m[38;5;124;43m"[39;49m[43m)[49m

File [0;32m/usr/share/miniconda3/envs/kerchunk-cookbook-dev/lib/python3.10/site-packages/xarray/backends/api.py:526[0m, in [0;36mopen_dataset[0;34m(filename_or_obj, engine, chunks, cache, decode_cf, mask_and_scale, decode_times, decode_timedelta, use_cftime, concat_characters, decode_coords, drop_variables, inline_array, backend_kwargs, **kwargs)[0m
[1;32m    514[0m decoders [38;5;241m=[39m _resolve_decoders_kwargs(
[1;32m    515[0m     decode_cf,
[1;32m    516[0m     open_backend_dataset_parameters[38;5;241m=[39mbackend[38;5;241m.[39mopen_dataset_parameters,
[0;32m   (...)[0m
[1;32m    522[0m     decode_coords[38;5;241m=[39mdecode_coords,
[1;32m    523[0m )
[1;32m    525[0m overwrite_encoded_chunks [38;5;241m=[39m kwargs[38;5;241m.[39mpop([38;5;124m"[39m[38;5;124moverwrite_encoded_chunks[39m[38;5;124m"[39m, [38;5;28;01mNone[39;00m)
[0;32m--> 526[0m backend_ds [38;5;241m=[39m [43mbackend[49m[38;5;241;43m.[39;49m[43mopen_dataset[49m[43m([49m
[1;32m    527[0m [43m    [49m[43mfilename_or_obj[49m[43m,[49m
[1;32m    528[0m [43m    [49m[43mdrop_variables[49m[38;5;241;43m=[39;49m[43mdrop_variables[49m[43m,[49m
[1;32m    529[0m [43m    [49m[38;5;241;43m*[39;49m[38;5;241;43m*[39;49m[43mdecoders[49m[43m,[49m
[1;32m    530[0m [43m    [49m[38;5;241;43m*[39;49m[38;5;241;43m*[39;49m[43mkwargs[49m[43m,[49m
[1;32m    531[0m [43m[49m[43m)[49m
[1;32m    532[0m ds [38;5;241m=[39m _dataset_from_backend_dataset(
[1;32m    533[0m     backend_ds,
[1;32m    534[0m     filename_or_obj,
[0;32m   (...)[0m
[1;32m    542[0m     [38;5;241m*[39m[38;5;241m*[39mkwargs,
[1;32m    543[0m )
[1;32m    544[0m [38;5;28;01mreturn[39;00m ds

File [0;32m/usr/share/miniconda3/envs/kerchunk-cookbook-dev/lib/python3.10/site-packages/xarray/backends/zarr.py:906[0m, in [0;36mZarrBackendEntrypoint.open_dataset[0;34m(self, filename_or_obj, mask_and_scale, decode_times, concat_characters, decode_coords, drop_variables, use_cftime, decode_timedelta, group, mode, synchronizer, consolidated, chunk_store, storage_options, stacklevel, zarr_version)[0m
[1;32m    904[0m store_entrypoint [38;5;241m=[39m StoreBackendEntrypoint()
[1;32m    905[0m [38;5;28;01mwith[39;00m close_on_error(store):
[0;32m--> 906[0m     ds [38;5;241m=[39m [43mstore_entrypoint[49m[38;5;241;43m.[39;49m[43mopen_dataset[49m[43m([49m
[1;32m    907[0m [43m        [49m[43mstore[49m[43m,[49m
[1;32m    908[0m [43m        [49m[43mmask_and_scale[49m[38;5;241;43m=[39;49m[43mmask_and_scale[49m[43m,[49m
[1;32m    909[0m [43m        [49m[43mdecode_times[49m[38;5;241;43m=[39;49m[43mdecode_times[49m[43m,[49m
[1;32m    910[0m [43m        [49m[43mconcat_characters[49m[38;5;241;43m=[39;49m[43mconcat_characters[49m[43m,[49m
[1;32m    911[0m [43m        [49m[43mdecode_coords[49m[38;5;241;43m=[39;49m[43mdecode_coords[49m[43m,[49m
[1;32m    912[0m [43m        [49m[43mdrop_variables[49m[38;5;241;43m=[39;49m[43mdrop_variables[49m[43m,[49m
[1;32m    913[0m [43m        [49m[43muse_cftime[49m[38;5;241;43m=[39;49m[43muse_cftime[49m[43m,[49m
[1;32m    914[0m [43m        [49m[43mdecode_timedelta[49m[38;5;241;43m=[39;49m[43mdecode_timedelta[49m[43m,[49m
[1;32m    915[0m [43m    [49m[43m)[49m
[1;32m    916[0m [38;5;28;01mreturn[39;00m ds

File [0;32m/usr/share/miniconda3/envs/kerchunk-cookbook-dev/lib/python3.10/site-packages/xarray/backends/store.py:35[0m, in [0;36mStoreBackendEntrypoint.open_dataset[0;34m(self, store, mask_and_scale, decode_times, concat_characters, decode_coords, drop_variables, use_cftime, decode_timedelta)[0m
[1;32m     32[0m [38;5;28mvars[39m, attrs [38;5;241m=[39m store[38;5;241m.[39mload()
[1;32m     33[0m encoding [38;5;241m=[39m store[38;5;241m.[39mget_encoding()
[0;32m---> 35[0m [38;5;28mvars[39m, attrs, coord_names [38;5;241m=[39m [43mconventions[49m[38;5;241;43m.[39;49m[43mdecode_cf_variables[49m[43m([49m
[1;32m     36[0m [43m    [49m[38;5;28;43mvars[39;49m[43m,[49m
[1;32m     37[0m [43m    [49m[43mattrs[49m[43m,[49m
[1;32m     38[0m [43m    [49m[43mmask_and_scale[49m[38;5;241;43m=[39;49m[43mmask_and_scale[49m[43m,[49m
[1;32m     39[0m [43m    [49m[43mdecode_times[49m[38;5;241;43m=[39;49m[43mdecode_times[49m[43m,[49m
[1;32m     40[0m [43m    [49m[43mconcat_characters[49m[38;5;241;43m=[39;49m[43mconcat_characters[49m[43m,[49m
[1;32m     41[0m [43m    [49m[43mdecode_coords[49m[38;5;241;43m=[39;49m[43mdecode_coords[49m[43m,[49m
[1;32m     42[0m [43m    [49m[43mdrop_variables[49m[38;5;241;43m=[39;49m[43mdrop_variables[49m[43m,[49m
[1;32m     43[0m [43m    [49m[43muse_cftime[49m[38;5;241;43m=[39;49m[43muse_cftime[49m[43m,[49m
[1;32m     44[0m [43m    [49m[43mdecode_timedelta[49m[38;5;241;43m=[39;49m[43mdecode_timedelta[49m[43m,[49m
[1;32m     45[0m [43m[49m[43m)[49m
[1;32m     47[0m ds [38;5;241m=[39m Dataset([38;5;28mvars[39m, attrs[38;5;241m=[39mattrs)
[1;32m     48[0m ds [38;5;241m=[39m ds[38;5;241m.[39mset_coords(coord_names[38;5;241m.[39mintersection([38;5;28mvars[39m))

File [0;32m/usr/share/miniconda3/envs/kerchunk-cookbook-dev/lib/python3.10/site-packages/xarray/conventions.py:554[0m, in [0;36mdecode_cf_variables[0;34m(variables, attributes, concat_characters, mask_and_scale, decode_times, decode_coords, drop_variables, use_cftime, decode_timedelta)[0m
[1;32m    543[0m     new_vars[k] [38;5;241m=[39m decode_cf_variable(
[1;32m    544[0m         k,
[1;32m    545[0m         v,
[0;32m   (...)[0m
[1;32m    551[0m         decode_timedelta[38;5;241m=[39mdecode_timedelta,
[1;32m    552[0m     )
[1;32m    553[0m [38;5;28;01mexcept[39;00m [38;5;167;01mException[39;00m [38;5;28;01mas[39;00m e:
[0;32m--> 554[0m     [38;5;28;01mraise[39;00m [38;5;28mtype[39m(e)([38;5;124mf[39m[38;5;124m"[39m[38;5;124mFailed to decode variable [39m[38;5;132;01m{[39;00mk[38;5;132;01m!r}[39;00m[38;5;124m: [39m[38;5;132;01m{[39;00me[38;5;132;01m}[39;00m[38;5;124m"[39m)
[1;32m    555[0m [38;5;28;01mif[39;00m decode_coords [38;5;129;01min[39;00m [[38;5;28;01mTrue[39;00m, [38;5;124m"[39m[38;5;124mcoordinates[39m[38;5;124m"[39m, [38;5;124m"[39m[38;5;124mall[39m[38;5;124m"[39m]:
[1;32m    556[0m     var_attrs [38;5;241m=[39m new_vars[k][38;5;241m.[39mattrs

[0;31mKeyError[0m: "Failed to decode variable 'Lambert_Conformal': "
KeyError: "Failed to decode variable 'Lambert_Conformal': "

